arborscan_app/android/app/build/intermediates/manifest_merge_blame_file/release/processReleaseMainManifest/manifest-merger-blame-release-report.txt
1<?xml version="1.0" encoding="utf-8"?>
2<manifest xmlns:android="http://schemas.android.com/apk/res/android"
3    package="com.example.arborscan_app"
4    android:versionCode="1"
5    android:versionName="1.0.0" >
6
7    <uses-sdk
8        android:minSdkVersion="24"
9        android:targetSdkVersion="36" />
10
11    <!-- Permissions -->
12    <uses-permission android:name="android.permission.INTERNET" />
12-->src\main\AndroidManifest.xml:6:5-67
12-->src\main\AndroidManifest.xml:6:22-64
13    <uses-permission android:name="android.permission.ACCESS_NETWORK_STATE" />
13-->src\main\AndroidManifest.xml:7:5-79
13-->src\main\AndroidManifest.xml:7:22-76
14    <uses-permission android:name="android.permission.ACCESS_FINE_LOCATION" />
14-->src\main\AndroidManifest.xml:8:5-79
14-->src\main\AndroidManifest.xml:8:22-76
15    <uses-permission android:name="android.permission.ACCESS_COARSE_LOCATION" />
15-->src\main\AndroidManifest.xml:9:5-81
15-->src\main\AndroidManifest.xml:9:22-78
16    <uses-permission android:name="android.permission.CAMERA" />
16-->src\main\AndroidManifest.xml:10:5-65
16-->src\main\AndroidManifest.xml:10:22-62
17
18    <!-- AR is optional (app can install on devices without ARCore) -->
19    <uses-feature
19-->src\main\AndroidManifest.xml:13:5-88
20        android:name="android.hardware.camera.ar"
20-->src\main\AndroidManifest.xml:13:19-60
21        android:required="false" />
21-->src\main\AndroidManifest.xml:13:61-85
22    <uses-feature
22-->[com.google.android.gms:play-services-maps:19.2.0] AndroidManifest.xml:22:5-24:33
23        android:glEsVersion="0x00020000"
23-->[com.google.android.gms:play-services-maps:19.2.0] AndroidManifest.xml:23:8-40
24        android:required="true" />
24-->[com.google.android.gms:play-services-maps:19.2.0] AndroidManifest.xml:24:8-31
25
26    <queries>
26-->[com.google.android.gms:play-services-maps:19.2.0] AndroidManifest.xml:27:5-30:15
27
28        <!-- Needs to be explicitly declared on Android R+ -->
29        <package android:name="com.google.android.apps.maps" />
29-->[com.google.android.gms:play-services-maps:19.2.0] AndroidManifest.xml:29:7-61
29-->[com.google.android.gms:play-services-maps:19.2.0] AndroidManifest.xml:29:16-59
30        <package android:name="com.google.ar.core" />
30-->[com.google.ar:core:1.31.0] AndroidManifest.xml:30:9-54
30-->[com.google.ar:core:1.31.0] AndroidManifest.xml:30:18-51
31    </queries>
32
33    <permission
33-->[androidx.core:core:1.17.0] AndroidManifest.xml:22:5-24:47
34        android:name="com.example.arborscan_app.DYNAMIC_RECEIVER_NOT_EXPORTED_PERMISSION"
34-->[androidx.core:core:1.17.0] AndroidManifest.xml:23:9-81
35        android:protectionLevel="signature" />
35-->[androidx.core:core:1.17.0] AndroidManifest.xml:24:9-44
36
37    <uses-permission android:name="com.example.arborscan_app.DYNAMIC_RECEIVER_NOT_EXPORTED_PERMISSION" />
37-->[androidx.core:core:1.17.0] AndroidManifest.xml:26:5-97
37-->[androidx.core:core:1.17.0] AndroidManifest.xml:26:22-94
38
39    <application
40        android:name="android.app.Application"
40-->src\main\AndroidManifest.xml:16:9-42
41        android:appComponentFactory="androidx.core.app.CoreComponentFactory"
41-->[androidx.core:core:1.17.0] AndroidManifest.xml:28:18-86
42        android:extractNativeLibs="false"
43        android:icon="@mipmap/ic_launcher"
43-->src\main\AndroidManifest.xml:17:9-43
44        android:label="ArborScan"
44-->src\main\AndroidManifest.xml:18:9-34
45        android:usesCleartextTraffic="true" >
45-->src\main\AndroidManifest.xml:19:9-44
46
47        <!-- GOOGLE MAPS API KEY -->
48        <meta-data
48-->src\main\AndroidManifest.xml:22:9-24:71
49            android:name="com.google.android.geo.API_KEY"
49-->src\main\AndroidManifest.xml:23:13-58
50            android:value="AIzaSyCPGh1t9sRTknUPAJJCU1iB1HMUTpS-_1w" />
50-->src\main\AndroidManifest.xml:24:13-68
51
52        <!-- ARCore: optional = работает на девайсах без ARCore (кнопку AR лучше прятать) -->
53        <meta-data
53-->src\main\AndroidManifest.xml:27:9-29:40
54            android:name="com.google.ar.core"
54-->src\main\AndroidManifest.xml:28:13-46
55            android:value="optional" />
55-->src\main\AndroidManifest.xml:29:13-37
56
57        <activity
57-->src\main\AndroidManifest.xml:31:9-34:52
58            android:name="com.example.arborscan_app.ArMeasureActivity"
58-->src\main\AndroidManifest.xml:32:13-71
59            android:exported="false"
59-->src\main\AndroidManifest.xml:33:13-37
60            android:screenOrientation="portrait" />
60-->src\main\AndroidManifest.xml:34:13-49
61        <activity
61-->src\main\AndroidManifest.xml:36:9-54:20
62            android:name="com.example.arborscan_app.MainActivity"
62-->src\main\AndroidManifest.xml:37:13-66
63            android:configChanges="orientation|screenSize|screenLayout|smallestScreenSize|density|uiMode|keyboardHidden|keyboard|locale|layoutDirection|fontScale"
63-->src\main\AndroidManifest.xml:42:13-163
64            android:exported="true"
64-->src\main\AndroidManifest.xml:38:13-36
65            android:hardwareAccelerated="true"
65-->src\main\AndroidManifest.xml:41:13-47
66            android:launchMode="singleTop"
66-->src\main\AndroidManifest.xml:39:13-43
67            android:theme="@style/LaunchTheme"
67-->src\main\AndroidManifest.xml:40:13-47
68            android:windowSoftInputMode="adjustResize" >
68-->src\main\AndroidManifest.xml:43:13-55
69            <meta-data
69-->src\main\AndroidManifest.xml:45:13-47:57
70                android:name="io.flutter.embedding.android.NormalTheme"
70-->src\main\AndroidManifest.xml:46:17-72
71                android:resource="@style/NormalTheme" />
71-->src\main\AndroidManifest.xml:47:17-54
72
73            <intent-filter>
73-->src\main\AndroidManifest.xml:49:13-52:29
74                <action android:name="android.intent.action.MAIN" />
74-->src\main\AndroidManifest.xml:50:17-69
74-->src\main\AndroidManifest.xml:50:25-66
75
76                <category android:name="android.intent.category.LAUNCHER" />
76-->src\main\AndroidManifest.xml:51:17-77
76-->src\main\AndroidManifest.xml:51:27-74
77            </intent-filter>
78        </activity>
79
80        <meta-data
80-->src\main\AndroidManifest.xml:56:9-58:33
81            android:name="flutterEmbedding"
81-->src\main\AndroidManifest.xml:57:13-44
82            android:value="2" />
82-->src\main\AndroidManifest.xml:58:13-30
83
84        <provider
84-->[:image_picker_android] AndroidManifest.xml:9:9-17:20
85            android:name="io.flutter.plugins.imagepicker.ImagePickerFileProvider"
85-->[:image_picker_android] AndroidManifest.xml:10:13-82
86            android:authorities="com.example.arborscan_app.flutter.image_provider"
86-->[:image_picker_android] AndroidManifest.xml:11:13-74
87            android:exported="false"
87-->[:image_picker_android] AndroidManifest.xml:12:13-37
88            android:grantUriPermissions="true" >
88-->[:image_picker_android] AndroidManifest.xml:13:13-47
89            <meta-data
89-->[:image_picker_android] AndroidManifest.xml:14:13-16:75
90                android:name="android.support.FILE_PROVIDER_PATHS"
90-->[:image_picker_android] AndroidManifest.xml:15:17-67
91                android:resource="@xml/flutter_image_picker_file_paths" />
91-->[:image_picker_android] AndroidManifest.xml:16:17-72
92        </provider> <!-- Trigger Google Play services to install the backported photo picker module. -->
93        <service
93-->[:image_picker_android] AndroidManifest.xml:19:9-31:19
94            android:name="com.google.android.gms.metadata.ModuleDependencies"
94-->[:image_picker_android] AndroidManifest.xml:20:13-78
95            android:enabled="false"
95-->[:image_picker_android] AndroidManifest.xml:21:13-36
96            android:exported="false" >
96-->[:image_picker_android] AndroidManifest.xml:22:13-37
97            <intent-filter>
97-->[:image_picker_android] AndroidManifest.xml:24:13-26:29
98                <action android:name="com.google.android.gms.metadata.MODULE_DEPENDENCIES" />
98-->[:image_picker_android] AndroidManifest.xml:25:17-94
98-->[:image_picker_android] AndroidManifest.xml:25:25-91
99            </intent-filter>
100
101            <meta-data
101-->[:image_picker_android] AndroidManifest.xml:28:13-30:36
102                android:name="photopicker_activity:0:required"
102-->[:image_picker_android] AndroidManifest.xml:29:17-63
103                android:value="" />
103-->[:image_picker_android] AndroidManifest.xml:30:17-33
104        </service>
105        <service
105-->[:geolocator_android] AndroidManifest.xml:8:9-12:56
106            android:name="com.baseflow.geolocator.GeolocatorLocationService"
106-->[:geolocator_android] AndroidManifest.xml:9:13-77
107            android:enabled="true"
107-->[:geolocator_android] AndroidManifest.xml:10:13-35
108            android:exported="false"
108-->[:geolocator_android] AndroidManifest.xml:11:13-37
109            android:foregroundServiceType="location" />
109-->[:geolocator_android] AndroidManifest.xml:12:13-53
110
111        <activity
111-->[:url_launcher_android] AndroidManifest.xml:8:9-11:74
112            android:name="io.flutter.plugins.urllauncher.WebViewActivity"
112-->[:url_launcher_android] AndroidManifest.xml:9:13-74
113            android:exported="false"
113-->[:url_launcher_android] AndroidManifest.xml:10:13-37
114            android:theme="@android:style/Theme.NoTitleBar.Fullscreen" /> <!-- Needs to be explicitly declared on P+ -->
114-->[:url_launcher_android] AndroidManifest.xml:11:13-71
115        <uses-library
115-->[com.google.android.gms:play-services-maps:19.2.0] AndroidManifest.xml:33:7-86
116            android:name="org.apache.http.legacy"
116-->[com.google.android.gms:play-services-maps:19.2.0] AndroidManifest.xml:33:21-58
117            android:required="false" />
117-->[com.google.android.gms:play-services-maps:19.2.0] AndroidManifest.xml:33:59-83
118
119        <activity
119-->[com.google.android.gms:play-services-base:18.5.0] AndroidManifest.xml:5:9-173
120            android:name="com.google.android.gms.common.api.GoogleApiActivity"
120-->[com.google.android.gms:play-services-base:18.5.0] AndroidManifest.xml:5:19-85
121            android:exported="false"
121-->[com.google.android.gms:play-services-base:18.5.0] AndroidManifest.xml:5:146-170
122            android:theme="@android:style/Theme.Translucent.NoTitleBar" />
122-->[com.google.android.gms:play-services-base:18.5.0] AndroidManifest.xml:5:86-145
123
124        <meta-data
124-->[com.google.android.gms:play-services-basement:18.4.0] AndroidManifest.xml:6:9-122
125            android:name="com.google.android.gms.version"
125-->[com.google.android.gms:play-services-basement:18.4.0] AndroidManifest.xml:6:20-65
126            android:value="@integer/google_play_services_version" />
126-->[com.google.android.gms:play-services-basement:18.4.0] AndroidManifest.xml:6:66-119
127
128        <provider
128-->[androidx.emoji2:emoji2:1.3.0] AndroidManifest.xml:24:9-32:20
129            android:name="androidx.startup.InitializationProvider"
129-->[androidx.emoji2:emoji2:1.3.0] AndroidManifest.xml:25:13-67
130            android:authorities="com.example.arborscan_app.androidx-startup"
130-->[androidx.emoji2:emoji2:1.3.0] AndroidManifest.xml:26:13-68
131            android:exported="false" >
131-->[androidx.emoji2:emoji2:1.3.0] AndroidManifest.xml:27:13-37
132            <meta-data
132-->[androidx.emoji2:emoji2:1.3.0] AndroidManifest.xml:29:13-31:52
133                android:name="androidx.emoji2.text.EmojiCompatInitializer"
133-->[androidx.emoji2:emoji2:1.3.0] AndroidManifest.xml:30:17-75
134                android:value="androidx.startup" />
134-->[androidx.emoji2:emoji2:1.3.0] AndroidManifest.xml:31:17-49
135            <meta-data
135-->[androidx.lifecycle:lifecycle-process:2.7.0] AndroidManifest.xml:29:13-31:52
136                android:name="androidx.lifecycle.ProcessLifecycleInitializer"
136-->[androidx.lifecycle:lifecycle-process:2.7.0] AndroidManifest.xml:30:17-78
137                android:value="androidx.startup" />
137-->[androidx.lifecycle:lifecycle-process:2.7.0] AndroidManifest.xml:31:17-49
138            <meta-data
138-->[androidx.profileinstaller:profileinstaller:1.4.0] AndroidManifest.xml:29:13-31:52
139                android:name="androidx.profileinstaller.ProfileInstallerInitializer"
139-->[androidx.profileinstaller:profileinstaller:1.4.0] AndroidManifest.xml:30:17-85
140                android:value="androidx.startup" />
140-->[androidx.profileinstaller:profileinstaller:1.4.0] AndroidManifest.xml:31:17-49
141        </provider>
142
143        <uses-library
143-->[androidx.window:window:1.2.0] AndroidManifest.xml:23:9-25:40
144            android:name="androidx.window.extensions"
144-->[androidx.window:window:1.2.0] AndroidManifest.xml:24:13-54
145            android:required="false" />
145-->[androidx.window:window:1.2.0] AndroidManifest.xml:25:13-37
146        <uses-library
146-->[androidx.window:window:1.2.0] AndroidManifest.xml:26:9-28:40
147            android:name="androidx.window.sidecar"
147-->[androidx.window:window:1.2.0] AndroidManifest.xml:27:13-51
148            android:required="false" /> <!-- The minimal version code of ARCore APK required for an app using this SDK. -->
148-->[androidx.window:window:1.2.0] AndroidManifest.xml:28:13-37
149        <meta-data
149-->[com.google.ar:core:1.31.0] AndroidManifest.xml:36:9-38:41
150            android:name="com.google.ar.core.min_apk_version"
150-->[com.google.ar:core:1.31.0] AndroidManifest.xml:37:13-62
151            android:value="220920000" /> <!-- This activity is critical for installing ARCore when it is not already present. -->
151-->[com.google.ar:core:1.31.0] AndroidManifest.xml:38:13-38
152        <activity
152-->[com.google.ar:core:1.31.0] AndroidManifest.xml:40:9-46:80
153            android:name="com.google.ar.core.InstallActivity"
153-->[com.google.ar:core:1.31.0] AndroidManifest.xml:41:13-62
154            android:configChanges="keyboardHidden|orientation|screenSize"
154-->[com.google.ar:core:1.31.0] AndroidManifest.xml:42:13-74
155            android:excludeFromRecents="true"
155-->[com.google.ar:core:1.31.0] AndroidManifest.xml:43:13-46
156            android:exported="false"
156-->[com.google.ar:core:1.31.0] AndroidManifest.xml:44:13-37
157            android:launchMode="singleTop"
157-->[com.google.ar:core:1.31.0] AndroidManifest.xml:45:13-43
158            android:theme="@android:style/Theme.Material.Light.Dialog.Alert" />
158-->[com.google.ar:core:1.31.0] AndroidManifest.xml:46:13-77
159
160        <receiver
160-->[androidx.profileinstaller:profileinstaller:1.4.0] AndroidManifest.xml:34:9-52:20
161            android:name="androidx.profileinstaller.ProfileInstallReceiver"
161-->[androidx.profileinstaller:profileinstaller:1.4.0] AndroidManifest.xml:35:13-76
162            android:directBootAware="false"
162-->[androidx.profileinstaller:profileinstaller:1.4.0] AndroidManifest.xml:36:13-44
163            android:enabled="true"
163-->[androidx.profileinstaller:profileinstaller:1.4.0] AndroidManifest.xml:37:13-35
164            android:exported="true"
164-->[androidx.profileinstaller:profileinstaller:1.4.0] AndroidManifest.xml:38:13-36
165            android:permission="android.permission.DUMP" >
165-->[androidx.profileinstaller:profileinstaller:1.4.0] AndroidManifest.xml:39:13-57
166            <intent-filter>
166-->[androidx.profileinstaller:profileinstaller:1.4.0] AndroidManifest.xml:40:13-42:29
167                <action android:name="androidx.profileinstaller.action.INSTALL_PROFILE" />
167-->[androidx.profileinstaller:profileinstaller:1.4.0] AndroidManifest.xml:41:17-91
167-->[androidx.profileinstaller:profileinstaller:1.4.0] AndroidManifest.xml:41:25-88
168            </intent-filter>
169            <intent-filter>
169-->[androidx.profileinstaller:profileinstaller:1.4.0] AndroidManifest.xml:43:13-45:29
170                <action android:name="androidx.profileinstaller.action.SKIP_FILE" />
170-->[androidx.profileinstaller:profileinstaller:1.4.0] AndroidManifest.xml:44:17-85
170-->[androidx.profileinstaller:profileinstaller:1.4.0] AndroidManifest.xml:44:25-82
171            </intent-filter>
172            <intent-filter>
172-->[androidx.profileinstaller:profileinstaller:1.4.0] AndroidManifest.xml:46:13-48:29
173                <action android:name="androidx.profileinstaller.action.SAVE_PROFILE" />
173-->[androidx.profileinstaller:profileinstaller:1.4.0] AndroidManifest.xml:47:17-88
173-->[androidx.profileinstaller:profileinstaller:1.4.0] AndroidManifest.xml:47:25-85
174            </intent-filter>
175            <intent-filter>
175-->[androidx.profileinstaller:profileinstaller:1.4.0] AndroidManifest.xml:49:13-51:29
176                <action android:name="androidx.profileinstaller.action.BENCHMARK_OPERATION" />
176-->[androidx.profileinstaller:profileinstaller:1.4.0] AndroidManifest.xml:50:17-95
176-->[androidx.profileinstaller:profileinstaller:1.4.0] AndroidManifest.xml:50:25-92
177            </intent-filter>
178        </receiver>
179    </application>
180
181</manifest>